2018-05-13 11:53:11 INFO  TC001_VerifyLoginWithInvalidCredentials:24 - ========== Start Testcase excection: VerifyLoginWithInvalidCredentials =========  
2018-05-13 11:53:15 INFO  HomePage:45 - Clicked on Sign in and at path :- Sign in
2018-05-13 11:53:16 INFO  HomePage:47 - Entring email address: abc@gmail.com -- at path :- 
2018-05-13 11:53:17 INFO  HomePage:49 - Entring  password: password -- at path :- 
2018-05-13 11:53:19 INFO  HomePage:51 - Clicked on submit button at path :- Sign in
2018-05-13 11:53:19 INFO  HomePage:55 - error message is :- Password is required.
2018-05-13 11:54:19 INFO  TC001_VerifyLoginWithInvalidCredentials:24 - ========== Start Testcase excection: VerifyLoginWithInvalidCredentials =========  
2018-05-13 11:54:24 INFO  HomePage:45 - Clicked on Sign in and at path :- Sign in
2018-05-13 11:54:25 INFO  HomePage:47 - Entring email address: abc@gmail.com -- at path :- 
2018-05-13 11:54:25 INFO  HomePage:49 - Entring  password: password -- at path :- 
2018-05-13 11:54:28 INFO  HomePage:51 - Clicked on submit button at path :- Sign in
2018-05-13 11:54:28 INFO  HomePage:55 - error message is :- Authentication failed.
2018-05-13 13:11:50 INFO  TC001_VerifyLoginWithInvalidCredentials:24 - ========== Start Testcase excection: VerifyLoginWithInvalidCredentials =========  
2018-05-13 13:11:55 INFO  HomePage:45 - Clicked on Sign in and at path :- Sign in
2018-05-13 13:11:56 INFO  HomePage:47 - Entring email address: abc@gmail.com -- at path :- 
2018-05-13 13:11:57 INFO  HomePage:49 - Entring  password: password -- at path :- 
2018-05-13 13:11:59 INFO  HomePage:51 - Clicked on submit button at path :- Sign in
2018-05-13 13:11:59 INFO  HomePage:55 - error message is :- Authentication failed.
2018-05-13 13:15:35 INFO  TC001_VerifyLoginWithInvalidCredentials:24 - ========== Start Testcase excection: VerifyLoginWithInvalidCredentials =========  
2018-05-13 13:15:40 INFO  HomePage:45 - Clicked on Sign in and at path :- Sign in
2018-05-13 13:15:41 INFO  HomePage:47 - Entring email address: abc@gmail.com -- at path :- 
2018-05-13 13:15:42 INFO  HomePage:49 - Entring  password: password -- at path :- 
2018-05-13 13:15:44 INFO  HomePage:51 - Clicked on submit button at path :- Sign in
2018-05-13 13:15:44 INFO  HomePage:55 - error message is :- Authentication failed.
2018-05-13 13:15:44 INFO  TC001_VerifyLoginWithInvalidCredentials:29 - ========== End Testcase excection: VerifyLoginWithInvalidCredentials =========  
2018-05-13 13:19:28 INFO  TC001_VerifyLoginWithInvalidCredentials:24 - ========== Start Testcase excection: VerifyLoginWithInvalidCredentials =========  
2018-05-13 13:19:31 INFO  HomePage:45 - Clicked on Sign in and at path :- [[FirefoxDriver: firefox on WINDOWS (72fcd8f8-3af8-4e29-ad45-ed8c641bf1fc)] -> link text: Sign in]
2018-05-13 13:19:32 INFO  HomePage:47 - Entring email address: abc@gmail.com -- at path :- [[FirefoxDriver: firefox on WINDOWS (72fcd8f8-3af8-4e29-ad45-ed8c641bf1fc)] -> id: email]
2018-05-13 13:19:33 INFO  HomePage:49 - Entring  password: password -- at path :- [[FirefoxDriver: firefox on WINDOWS (72fcd8f8-3af8-4e29-ad45-ed8c641bf1fc)] -> id: passwd]
2018-05-13 13:19:35 INFO  HomePage:51 - Clicked on submit button at path :- [[FirefoxDriver: firefox on WINDOWS (72fcd8f8-3af8-4e29-ad45-ed8c641bf1fc)] -> id: SubmitLogin]
2018-05-13 13:19:35 INFO  HomePage:55 - error message is :- Authentication failed.
2018-05-13 13:19:35 INFO  TC001_VerifyLoginWithInvalidCredentials:29 - ========== End Testcase excection: VerifyLoginWithInvalidCredentials =========  
2018-05-13 14:46:20 INFO  TC002_verifyRegistrationProcess:38 - ======= Starting test execution:  verifyingRegistration ===========
2018-05-13 14:47:21 INFO  TC002_verifyRegistrationProcess:50 - org.openqa.selenium.NoSuchElementException: Unable to locate element: {"method":"id","selector":"PreviewFrame"}
Command duration or timeout: 0 milliseconds
2018-05-13 14:47:21 INFO  HomePage:132 - switching to the default content....
2018-05-13 16:51:42 INFO  TC002_verifyRegistrationProcess:38 - ======= Starting test execution:  verifyingRegistration ===========
2018-05-13 16:52:43 INFO  TC002_verifyRegistrationProcess:50 - org.openqa.selenium.NoSuchElementException: Unable to locate element: {"method":"id","selector":"PreviewFrame"}
Command duration or timeout: 0 milliseconds
2018-05-13 16:52:43 INFO  HomePage:132 - switching to the default content....
2018-05-13 17:32:38 INFO  TC002_verifyRegistrationProcess:38 - ======= Starting test execution:  verifyingRegistration ===========
2018-05-13 17:32:42 INFO  HomePage:145 - Clicking on Sign In link - at web element path :-[[FirefoxDriver: firefox on WINDOWS (1370f2e8-38e6-47f7-9de4-14db2d98875f)] -> xpath: //*[@id='header']/div[2]/div/div/nav/div[1]/a]
2018-05-13 17:32:44 INFO  HomePage:148 - Entring new email address: [[FirefoxDriver: firefox on WINDOWS (1370f2e8-38e6-47f7-9de4-14db2d98875f)] -> id: email_create] -at web element :- [[FirefoxDriver: firefox on WINDOWS (1370f2e8-38e6-47f7-9de4-14db2d98875f)] -> id: email_create]
2018-05-13 17:32:44 INFO  HomePage:150 - Clicking on create new account button - at web element path :-[[FirefoxDriver: firefox on WINDOWS (1370f2e8-38e6-47f7-9de4-14db2d98875f)] -> id: SubmitCreate]
2018-05-13 17:32:46 INFO  HomePage:152 - Selecting check box Mr - at web element path :-[[FirefoxDriver: firefox on WINDOWS (1370f2e8-38e6-47f7-9de4-14db2d98875f)] -> id: id_gender1]
2018-05-13 17:32:47 INFO  HomePage:155 - Entring first name value: demoFirstName -at web element :- [[FirefoxDriver: firefox on WINDOWS (1370f2e8-38e6-47f7-9de4-14db2d98875f)] -> id: customer_firstname]
2018-05-13 17:32:47 INFO  HomePage:158 - Entring last name value:demoLastName -at web element :- [[FirefoxDriver: firefox on WINDOWS (1370f2e8-38e6-47f7-9de4-14db2d98875f)] -> id: customer_lastname]
2018-05-13 17:32:47 INFO  HomePage:161 - Entring email address: 1526225539975@gmail.com -at web element :- [[FirefoxDriver: firefox on WINDOWS (1370f2e8-38e6-47f7-9de4-14db2d98875f)] -> id: email]
2018-05-13 17:33:48 INFO  TC002_verifyRegistrationProcess:48 - org.openqa.selenium.NoSuchElementException: Unable to locate element: {"method":"id","selector":"passwrd"}
Command duration or timeout: 0 milliseconds
2018-05-13 17:35:11 INFO  TC002_verifyRegistrationProcess:38 - ======= Starting test execution:  verifyingRegistration ===========
2018-05-13 17:35:14 INFO  HomePage:145 - Clicking on Sign In link - at web element path :-[[FirefoxDriver: firefox on WINDOWS (719656ce-ca5c-4684-b21c-44e266ffa21e)] -> xpath: //*[@id='header']/div[2]/div/div/nav/div[1]/a]
2018-05-13 17:35:15 INFO  HomePage:148 - Entring new email address: [[FirefoxDriver: firefox on WINDOWS (719656ce-ca5c-4684-b21c-44e266ffa21e)] -> id: email_create] -at web element :- [[FirefoxDriver: firefox on WINDOWS (719656ce-ca5c-4684-b21c-44e266ffa21e)] -> id: email_create]
2018-05-13 17:35:16 INFO  HomePage:150 - Clicking on create new account button - at web element path :-[[FirefoxDriver: firefox on WINDOWS (719656ce-ca5c-4684-b21c-44e266ffa21e)] -> id: SubmitCreate]
2018-05-13 17:35:18 INFO  HomePage:152 - Selecting check box Mr - at web element path :-[[FirefoxDriver: firefox on WINDOWS (719656ce-ca5c-4684-b21c-44e266ffa21e)] -> id: id_gender1]
2018-05-13 17:35:18 INFO  HomePage:155 - Entring first name value: demoFirstName -at web element :- [[FirefoxDriver: firefox on WINDOWS (719656ce-ca5c-4684-b21c-44e266ffa21e)] -> id: customer_firstname]
2018-05-13 17:35:19 INFO  HomePage:158 - Entring last name value:demoLastName -at web element :- [[FirefoxDriver: firefox on WINDOWS (719656ce-ca5c-4684-b21c-44e266ffa21e)] -> id: customer_lastname]
2018-05-13 17:35:19 INFO  HomePage:161 - Entring email address: 1526225695655@gmail.com -at web element :- [[FirefoxDriver: firefox on WINDOWS (719656ce-ca5c-4684-b21c-44e266ffa21e)] -> id: email]
2018-05-13 17:35:20 INFO  HomePage:164 - Entring password value: fakepassword -at web element :- [[FirefoxDriver: firefox on WINDOWS (719656ce-ca5c-4684-b21c-44e266ffa21e)] -> id: passwd]
2018-05-13 17:35:20 INFO  HomePage:167 - Entring address: Test Address -at web element :- [[FirefoxDriver: firefox on WINDOWS (719656ce-ca5c-4684-b21c-44e266ffa21e)] -> id: address1]
2018-05-13 17:35:20 INFO  HomePage:170 - Entring city nane: Test City -at web element :- [[FirefoxDriver: firefox on WINDOWS (719656ce-ca5c-4684-b21c-44e266ffa21e)] -> id: city]
2018-05-13 17:35:20 INFO  HomePage:172 - Entring State : Alabama -at web element :- [[FirefoxDriver: firefox on WINDOWS (719656ce-ca5c-4684-b21c-44e266ffa21e)] -> id: id_state]
2018-05-13 17:35:21 INFO  HomePage:175 - Entring Postcode: 35006 -at web element :- [[FirefoxDriver: firefox on WINDOWS (719656ce-ca5c-4684-b21c-44e266ffa21e)] -> id: postcode]
2018-05-13 17:35:21 INFO  HomePage:178 - Entring phone number: 159753486 -at web element :- [[FirefoxDriver: firefox on WINDOWS (719656ce-ca5c-4684-b21c-44e266ffa21e)] -> id: phone_mobile]
2018-05-13 17:36:23 INFO  HomePage:180 - Clicking on submit account button - at web element path :-Proxy element for: DefaultElementLocator 'By.id: submitAccount'
2018-05-13 17:36:24 INFO  HomePage:192 - returning the username :demoFirstName demoLastName - at web element path :-[[FirefoxDriver: firefox on WINDOWS (719656ce-ca5c-4684-b21c-44e266ffa21e)] -> xpath: //*[@id='header']/div[2]/div/div/nav/div[1]/a/span]
2018-05-13 17:38:05 INFO  TC002_verifyRegistrationProcess:38 - ======= Starting test execution:  verifyingRegistration ===========
2018-05-13 17:38:09 INFO  HomePage:145 - Clicking on Sign In link - at web element path :-[[FirefoxDriver: firefox on WINDOWS (86f82521-8f28-4690-8c29-2584f3553105)] -> xpath: //*[@id='header']/div[2]/div/div/nav/div[1]/a]
2018-05-13 17:38:10 INFO  HomePage:148 - Entring new email address: [[FirefoxDriver: firefox on WINDOWS (86f82521-8f28-4690-8c29-2584f3553105)] -> id: email_create] -at web element :- [[FirefoxDriver: firefox on WINDOWS (86f82521-8f28-4690-8c29-2584f3553105)] -> id: email_create]
2018-05-13 17:38:10 INFO  HomePage:150 - Clicking on create new account button - at web element path :-[[FirefoxDriver: firefox on WINDOWS (86f82521-8f28-4690-8c29-2584f3553105)] -> id: SubmitCreate]
2018-05-13 17:38:12 INFO  HomePage:152 - Selecting check box Mr - at web element path :-[[FirefoxDriver: firefox on WINDOWS (86f82521-8f28-4690-8c29-2584f3553105)] -> id: id_gender1]
2018-05-13 17:38:13 INFO  HomePage:155 - Entring first name value: demoFName -at web element :- [[FirefoxDriver: firefox on WINDOWS (86f82521-8f28-4690-8c29-2584f3553105)] -> id: customer_firstname]
2018-05-13 17:38:13 INFO  HomePage:158 - Entring last name value:demoLName -at web element :- [[FirefoxDriver: firefox on WINDOWS (86f82521-8f28-4690-8c29-2584f3553105)] -> id: customer_lastname]
2018-05-13 17:38:14 INFO  HomePage:161 - Entring email address: 1526225867691@gmail.com -at web element :- [[FirefoxDriver: firefox on WINDOWS (86f82521-8f28-4690-8c29-2584f3553105)] -> id: email]
2018-05-13 17:38:14 INFO  HomePage:164 - Entring password value: fakepassword -at web element :- [[FirefoxDriver: firefox on WINDOWS (86f82521-8f28-4690-8c29-2584f3553105)] -> id: passwd]
2018-05-13 17:38:14 INFO  HomePage:167 - Entring address: Test Address -at web element :- [[FirefoxDriver: firefox on WINDOWS (86f82521-8f28-4690-8c29-2584f3553105)] -> id: address1]
2018-05-13 17:38:15 INFO  HomePage:170 - Entring city nane: Test City -at web element :- [[FirefoxDriver: firefox on WINDOWS (86f82521-8f28-4690-8c29-2584f3553105)] -> id: city]
2018-05-13 17:38:15 INFO  HomePage:172 - Entring State : Alabama -at web element :- [[FirefoxDriver: firefox on WINDOWS (86f82521-8f28-4690-8c29-2584f3553105)] -> id: id_state]
2018-05-13 17:38:15 INFO  HomePage:175 - Entring Postcode: 35006 -at web element :- [[FirefoxDriver: firefox on WINDOWS (86f82521-8f28-4690-8c29-2584f3553105)] -> id: postcode]
2018-05-13 17:38:16 INFO  HomePage:178 - Entring phone number: 159753486 -at web element :- [[FirefoxDriver: firefox on WINDOWS (86f82521-8f28-4690-8c29-2584f3553105)] -> id: phone_mobile]
2018-05-13 17:40:02 INFO  TC002_verifyRegistrationProcess:38 - ======= Starting test execution:  verifyingRegistration ===========
2018-05-13 17:40:05 INFO  HomePage:145 - Clicking on Sign In link - at web element path :-[[FirefoxDriver: firefox on WINDOWS (66ae200e-0304-4fbd-88f6-84ae8a715e16)] -> xpath: //*[@id='header']/div[2]/div/div/nav/div[1]/a]
2018-05-13 17:40:07 INFO  HomePage:148 - Entring new email address: [[FirefoxDriver: firefox on WINDOWS (66ae200e-0304-4fbd-88f6-84ae8a715e16)] -> id: email_create] -at web element :- [[FirefoxDriver: firefox on WINDOWS (66ae200e-0304-4fbd-88f6-84ae8a715e16)] -> id: email_create]
2018-05-13 17:40:07 INFO  HomePage:150 - Clicking on create new account button - at web element path :-[[FirefoxDriver: firefox on WINDOWS (66ae200e-0304-4fbd-88f6-84ae8a715e16)] -> id: SubmitCreate]
2018-05-13 17:40:09 INFO  HomePage:152 - Selecting check box Mr - at web element path :-[[FirefoxDriver: firefox on WINDOWS (66ae200e-0304-4fbd-88f6-84ae8a715e16)] -> id: id_gender1]
2018-05-13 17:40:10 INFO  HomePage:155 - Entring first name value: demoFName -at web element :- [[FirefoxDriver: firefox on WINDOWS (66ae200e-0304-4fbd-88f6-84ae8a715e16)] -> id: customer_firstname]
2018-05-13 17:40:10 INFO  HomePage:158 - Entring last name value:demoLName -at web element :- [[FirefoxDriver: firefox on WINDOWS (66ae200e-0304-4fbd-88f6-84ae8a715e16)] -> id: customer_lastname]
2018-05-13 17:40:11 INFO  HomePage:161 - Entring email address: 1526225986588@gmail.com -at web element :- [[FirefoxDriver: firefox on WINDOWS (66ae200e-0304-4fbd-88f6-84ae8a715e16)] -> id: email]
2018-05-13 17:40:11 INFO  HomePage:164 - Entring password value: fakepassword -at web element :- [[FirefoxDriver: firefox on WINDOWS (66ae200e-0304-4fbd-88f6-84ae8a715e16)] -> id: passwd]
2018-05-13 17:40:11 INFO  HomePage:167 - Entring address: Test Address -at web element :- [[FirefoxDriver: firefox on WINDOWS (66ae200e-0304-4fbd-88f6-84ae8a715e16)] -> id: address1]
2018-05-13 17:40:11 INFO  HomePage:170 - Entring city nane: Test City -at web element :- [[FirefoxDriver: firefox on WINDOWS (66ae200e-0304-4fbd-88f6-84ae8a715e16)] -> id: city]
2018-05-13 17:40:12 INFO  HomePage:172 - Entring State : Alabama -at web element :- [[FirefoxDriver: firefox on WINDOWS (66ae200e-0304-4fbd-88f6-84ae8a715e16)] -> id: id_state]
2018-05-13 17:40:12 INFO  HomePage:175 - Entring Postcode: 35006 -at web element :- [[FirefoxDriver: firefox on WINDOWS (66ae200e-0304-4fbd-88f6-84ae8a715e16)] -> id: postcode]
2018-05-13 17:40:13 INFO  HomePage:178 - Entring phone number: 159753486 -at web element :- [[FirefoxDriver: firefox on WINDOWS (66ae200e-0304-4fbd-88f6-84ae8a715e16)] -> id: phone_mobile]
2018-05-13 17:41:20 INFO  HomePage:181 - Clicking on submit account button - at web element path :-Proxy element for: DefaultElementLocator 'By.id: submitAccount'
2018-05-13 17:41:20 INFO  HomePage:193 - returning the username :demoFName demoLName - at web element path :-[[FirefoxDriver: firefox on WINDOWS (66ae200e-0304-4fbd-88f6-84ae8a715e16)] -> xpath: //*[@id='header']/div[2]/div/div/nav/div[1]/a/span]
2018-05-13 17:41:20 INFO  TC002_verifyRegistrationProcess:42 - ======= Ending test execution: verifyingRegistration ===========
2018-05-13 18:19:01 INFO  TC003_verifyAddToCart:38 - ======= Starting test execution:  verifyAddToCart ===========
2018-05-13 18:19:07 INFO  HomePage:228 - title:-Casual Dresses - My Store.........
2018-05-13 18:20:12 INFO  HomePage:243 - hoverText:-Printed Dr............Clicking on Logout - at web element path :-Proxy element for: DefaultElementLocator 'By.xpath: //*[@id='customer_logout_link']'
2018-05-13 18:20:12 INFO  TC003_verifyAddToCart:43 - ======= Ending test execution: verifyingRegistration ===========
2018-05-13 18:27:27 INFO  TC003_verifyAddToCart:38 - ======= Starting test execution:  verifyAddToCart ===========
2018-05-13 18:27:32 INFO  HomePage:233 - title:-Casual Dresses - My Store.........
2018-05-13 18:31:38 INFO  TC003_verifyAddToCart:38 - ======= Starting test execution:  verifyAddToCart ===========
2018-05-13 18:31:42 INFO  HomePage:225 - title:-Casual Dresses - My Store.........
2018-05-13 18:31:42 INFO  HomePage:231 - Scrppd Down........
2018-05-13 18:31:43 INFO  HomePage:233 - added to cart........
2018-05-13 18:32:43 INFO  TC003_verifyAddToCart:49 - org.openqa.selenium.NoSuchElementException: Unable to locate element: {"method":"id","selector":"//*[@id='layer_cart_product_title']"}
Command duration or timeout: 0 milliseconds
2018-05-13 18:35:10 INFO  TC003_verifyAddToCart:38 - ======= Starting test execution:  verifyAddToCart ===========
2018-05-13 18:35:15 INFO  HomePage:225 - title:-Casual Dresses - My Store.........
2018-05-13 18:35:15 INFO  HomePage:231 - Scrppd Down........
2018-05-13 18:35:16 INFO  HomePage:233 - added to cart........
2018-05-13 18:35:16 INFO  HomePage:235 - Get product name........
2018-05-13 18:36:16 INFO  HomePage:236 - hoverText1:-.........Clicking on Logout - at web element path :-Proxy element for: DefaultElementLocator 'By.xpath: //*[@id='customer_logout_link']'
2018-05-13 18:36:16 INFO  HomePage:239 - SClose the poup.......
2018-05-13 18:36:17 INFO  HomePage:241 - View cart.......
2018-05-13 18:36:20 INFO  HomePage:243 - Text on details page
2018-05-13 18:37:20 INFO  HomePage:244 - hoverText:-Printed Dress...Clicking on Logout - at web element path :-Proxy element for: DefaultElementLocator 'By.xpath: //*[@id='customer_logout_link']'
2018-05-13 18:37:20 INFO  TC003_verifyAddToCart:43 - ======= Ending test execution: verifyingRegistration ===========
2018-05-13 18:42:13 INFO  TC003_verifyAddToCart:38 - ======= Starting test execution:  verifyAddToCart ===========
2018-05-13 18:42:18 INFO  HomePage:225 - title:-Casual Dresses - My Store.........
2018-05-13 18:42:18 INFO  HomePage:231 - Scrppd Down........
2018-05-13 18:42:18 INFO  HomePage:233 - added to cart........
2018-05-13 18:42:18 INFO  HomePage:235 - Get product name........
2018-05-13 18:42:18 INFO  HomePage:236 - hoverText1:-....
2018-05-13 18:42:19 INFO  HomePage:238 - SClose the poup.......
2018-05-13 18:42:20 INFO  HomePage:240 - View cart.......
2018-05-13 18:42:23 INFO  HomePage:242 - Text on details page
2018-05-13 18:42:23 INFO  HomePage:243 - hoverText:-Printed Dress
2018-05-13 18:42:23 INFO  TC003_verifyAddToCart:43 - ======= Ending test execution: verifyingRegistration ===========
2018-05-13 18:45:09 INFO  TC003_verifyAddToCart:38 - ======= Starting test execution:  verifyAddToCart ===========
2018-05-13 18:45:14 INFO  HomePage:225 - title:-Casual Dresses - My Store.........
2018-05-13 18:45:14 INFO  HomePage:231 - Scrppd Down........
2018-05-13 18:45:15 INFO  HomePage:233 - added to cart........
2018-05-13 18:45:15 INFO  HomePage:235 - Get product name........
2018-05-13 18:45:15 INFO  HomePage:236 - hoverText1:-....
2018-05-13 18:45:16 INFO  HomePage:238 - SClose the poup.......
2018-05-13 18:45:17 INFO  HomePage:240 - View cart.......
2018-05-13 18:45:20 INFO  HomePage:242 - Text on details page
2018-05-13 18:45:20 INFO  HomePage:243 - hoverText:-Printed Dress
2018-05-13 18:45:20 INFO  TC003_verifyAddToCart:43 - ======= Ending test execution: verifyingRegistration ===========
2018-05-13 18:46:47 INFO  TC003_verifyAddToCart:38 - ======= Starting test execution:  verifyAddToCart ===========
2018-05-13 18:46:48 INFO  TC003_verifyAddToCart:49 - org.openqa.selenium.ElementNotVisibleException: Element is not currently visible and so may not be interacted with (WARNING: The server did not provide any stacktrace information)
Command duration or timeout: 0 milliseconds
Build info: version: '3.11.0', revision: 'e59cfb3', time: '2018-03-11T20:26:55.152Z'
System info: host: 'FCPC', ip: '192.168.178.69', os.name: 'Windows 10', os.arch: 'amd64', os.version: '10.0', java.version: '1.8.0_144'
Driver info: org.openqa.selenium.firefox.FirefoxDriver
Capabilities {acceptSslCerts: true, applicationCacheEnabled: true, browserName: firefox, cssSelectorsEnabled: true, databaseEnabled: true, handlesAlerts: true, javascriptEnabled: true, locationContextEnabled: true, nativeEvents: false, platform: WINDOWS, platformName: WINDOWS, rotatable: false, takesScreenshot: true, version: 33.1.1, webStorageEnabled: true}
Session ID: 85a784cc-d45a-42aa-9802-6a6b1280ace4
2018-05-13 18:47:35 INFO  TC003_verifyAddToCart:38 - ======= Starting test execution:  verifyAddToCart ===========
2018-05-13 18:47:40 INFO  HomePage:226 - title:-Casual Dresses - My Store.........
2018-05-13 18:47:40 INFO  HomePage:232 - Scrppd Down........
2018-05-13 18:47:40 INFO  HomePage:234 - added to cart........
2018-05-13 18:47:40 INFO  HomePage:236 - Get product name........
2018-05-13 18:47:40 INFO  HomePage:237 - hoverText1:-....
2018-05-13 18:47:41 INFO  HomePage:239 - SClose the poup.......
2018-05-13 18:47:43 INFO  HomePage:241 - View cart.......
2018-05-13 18:47:45 INFO  HomePage:243 - Text on details page
2018-05-13 18:47:45 INFO  HomePage:244 - hoverText:-Printed Dress
2018-05-13 18:47:45 INFO  TC003_verifyAddToCart:43 - ======= Ending test execution: verifyingRegistration ===========
2018-05-13 18:51:11 INFO  TC003_verifyAddToCart:38 - ======= Starting test execution:  verifyAddToCart ===========
2018-05-13 18:51:20 INFO  HomePage:226 - title:-Casual Dresses - My Store.........
2018-05-13 18:51:20 INFO  HomePage:232 - Scrppd Down........
2018-05-13 18:51:21 INFO  HomePage:234 - added to cart........
2018-05-13 18:51:24 INFO  HomePage:237 - Get product name........
2018-05-13 18:51:24 INFO  HomePage:239 - hoverText1:-Printed Dress....
2018-05-13 18:51:25 INFO  HomePage:241 - SClose the poup.......
2018-05-13 18:51:26 INFO  HomePage:243 - View cart.......
2018-05-13 18:51:29 INFO  HomePage:245 - Text on details page
2018-05-13 18:51:29 INFO  HomePage:246 - hoverText:-Printed Dress
2018-05-13 18:51:29 INFO  TC003_verifyAddToCart:43 - ======= Ending test execution: verifyingRegistration ===========
2018-05-13 19:13:55 INFO  TC003_verifyAddToCartForUnauthneticatedUser:33 - ======= Starting test execution:  verifyAddToCartForUnauthneticatedUser ===========
2018-05-13 19:14:00 INFO  HomePage:223 - Mouse hover on Dresses -at web element:[[FirefoxDriver: firefox on WINDOWS (3736837d-239d-4141-a030-b8559d849400)] -> xpath: //*[@id='block_top_menu']/ul/li[2]/a]
2018-05-13 19:14:00 INFO  HomePage:224 - and clicking on Casual Dresses   -at web element:[[FirefoxDriver: firefox on WINDOWS (3736837d-239d-4141-a030-b8559d849400)] -> xpath: //*[@id='block_top_menu']/ul/li[2]/ul/li[1]/a]
2018-05-13 19:14:00 INFO  HomePage:228 - User is redirected on page :-Casual Dresses - My Store
2018-05-13 19:14:00 INFO  HomePage:231 - Scrolling down the page to view products...
2018-05-13 19:14:01 INFO  HomePage:236 - Mouse hover on Product Image -at web element:[[FirefoxDriver: firefox on WINDOWS (3736837d-239d-4141-a030-b8559d849400)] -> xpath: //*[@id='center_column']/ul/li/div/div[1]/div/a[1]/img]
2018-05-13 19:14:01 INFO  HomePage:237 - and clicking on Add To cart   -at web element:[[FirefoxDriver: firefox on WINDOWS (3736837d-239d-4141-a030-b8559d849400)] -> xpath: //*[@id='center_column']/ul/li/div/div[2]/div[2]/a[1]/span]
2018-05-13 19:14:04 INFO  HomePage:240 - Product name:- Printed Dress :is added to cart --at web element:[[FirefoxDriver: firefox on WINDOWS (3736837d-239d-4141-a030-b8559d849400)] -> xpath: //span[@id='layer_cart_product_title']]
2018-05-13 19:14:05 INFO  HomePage:242 - clicking on close button -at web element:[[FirefoxDriver: firefox on WINDOWS (3736837d-239d-4141-a030-b8559d849400)] -> xpath: //*[@id='layer_cart']/div[1]/div[1]/span]
2018-05-13 19:14:08 INFO  HomePage:245 - Mouse hover on View cart -at web element:[[FirefoxDriver: firefox on WINDOWS (3736837d-239d-4141-a030-b8559d849400)] -> xpath: //*[@id='header']/div[3]/div/div/div[3]/div/a]
2018-05-13 19:14:08 INFO  HomePage:246 - Clicking on cart product   -at web element:[[FirefoxDriver: firefox on WINDOWS (3736837d-239d-4141-a030-b8559d849400)] -> xpath: //*[@id='header']/div[3]/div/div/div[3]/div/div/div/div/dl/dt/div/div[1]/a]
2018-05-13 19:14:09 INFO  HomePage:248 - Product name:- Printed Dress :is displayed on details page --at web element:[[FirefoxDriver: firefox on WINDOWS (3736837d-239d-4141-a030-b8559d849400)] -> xpath: //*[@id='center_column']/div/div/div[3]/h1]
2018-05-13 19:14:09 INFO  TC003_verifyAddToCartForUnauthneticatedUser:36 - ======= Ending test execution: verifyAddToCartForUnauthneticatedUser ===========
2018-05-13 19:28:31 INFO  TC003_verifyAddToCartForUnauthneticatedUser:33 - ======= Starting test execution:  verifyAddToCartForUnauthneticatedUser ===========
2018-05-13 19:28:36 INFO  HomePage:223 - Mouse hover on menu Dresses -at web element:[[FirefoxDriver: firefox on WINDOWS (13a268d7-209c-4a7f-8e5b-08da42121ce1)] -> xpath: //*[@id='block_top_menu']/ul/li[2]/a]
2018-05-13 19:28:36 INFO  HomePage:224 - and clicking on sub menu Casual Dresses   -at web element:[[FirefoxDriver: firefox on WINDOWS (13a268d7-209c-4a7f-8e5b-08da42121ce1)] -> xpath: //*[@id='block_top_menu']/ul/li[2]/ul/li[1]/a]
2018-05-13 19:28:36 INFO  HomePage:228 - User is redirected on page :-Casual Dresses - My Store
2018-05-13 19:28:36 INFO  HomePage:231 - Scrolling down the page to view products...
2018-05-13 19:28:37 INFO  HomePage:236 - Mouse hover on Product Image -at web element:[[FirefoxDriver: firefox on WINDOWS (13a268d7-209c-4a7f-8e5b-08da42121ce1)] -> xpath: //*[@id='center_column']/ul/li/div/div[1]/div/a[1]/img]
2018-05-13 19:28:37 INFO  HomePage:237 - and clicking on Add To cart   -at web element:[[FirefoxDriver: firefox on WINDOWS (13a268d7-209c-4a7f-8e5b-08da42121ce1)] -> xpath: //*[@id='center_column']/ul/li/div/div[2]/div[2]/a[1]/span]
2018-05-13 19:28:40 INFO  HomePage:240 - Product name:- Printed Dress :is added to cart --at web element:[[FirefoxDriver: firefox on WINDOWS (13a268d7-209c-4a7f-8e5b-08da42121ce1)] -> xpath: //span[@id='layer_cart_product_title']]
2018-05-13 19:28:41 INFO  HomePage:242 - clicking on close button -at web element:[[FirefoxDriver: firefox on WINDOWS (13a268d7-209c-4a7f-8e5b-08da42121ce1)] -> xpath: //*[@id='layer_cart']/div[1]/div[1]/span]
2018-05-13 19:28:44 INFO  HomePage:245 - Mouse hover on View cart -at web element:[[FirefoxDriver: firefox on WINDOWS (13a268d7-209c-4a7f-8e5b-08da42121ce1)] -> xpath: //*[@id='header']/div[3]/div/div/div[3]/div/a]
2018-05-13 19:28:44 INFO  HomePage:246 - Clicking on cart product   -at web element:[[FirefoxDriver: firefox on WINDOWS (13a268d7-209c-4a7f-8e5b-08da42121ce1)] -> xpath: //*[@id='header']/div[3]/div/div/div[3]/div/div/div/div/dl/dt/div/div[1]/a]
2018-05-13 19:28:45 INFO  HomePage:248 - Product name:- Printed Dress :is displayed on details page --at web element:[[FirefoxDriver: firefox on WINDOWS (13a268d7-209c-4a7f-8e5b-08da42121ce1)] -> xpath: //*[@id='center_column']/div/div/div[3]/h1]
2018-05-13 19:28:45 INFO  TC003_verifyAddToCartForUnauthneticatedUser:36 - ======= Ending test execution: verifyAddToCartForUnauthneticatedUser ===========
2018-05-13 19:28:46 INFO  TestBase:45 - Creating object of the browser :-  firefox
2018-05-13 19:28:54 INFO  TestBase:52 - Navigating to url :-  http://automationpractice.com/index.php
2018-05-13 19:29:01 INFO  TestBase:45 - Creating object of the browser :-  firefox
2018-05-13 19:29:10 INFO  TestBase:52 - Navigating to url :-  http://automationpractice.com/index.php
2018-05-13 19:29:16 INFO  TC001_VerifyLoginWithInvalidCredentials:29 - ========== Start Testcase excection: VerifyLoginWithInvalidCredentials =========  
2018-05-13 19:29:19 INFO  HomePage:159 - Clicked on Sign in and  -at web element :- [[FirefoxDriver: firefox on WINDOWS (784b2f39-8162-4bb1-9ce8-d3d0a7f01c26)] -> xpath: //*[@id='header']/div[2]/div/div/nav/div[1]/a]
2018-05-13 19:29:20 INFO  HomePage:161 - Entring email address: abc@gmail.com -at web element :- [[FirefoxDriver: firefox on WINDOWS (784b2f39-8162-4bb1-9ce8-d3d0a7f01c26)] -> xpath: //*[@id='email']]
2018-05-13 19:29:21 INFO  HomePage:163 - Entring  password: password -at web element :- [[FirefoxDriver: firefox on WINDOWS (784b2f39-8162-4bb1-9ce8-d3d0a7f01c26)] -> xpath: //*[@id='passwd']]
2018-05-13 19:29:23 INFO  HomePage:165 - Clicked on submit button -at web element :- [[FirefoxDriver: firefox on WINDOWS (784b2f39-8162-4bb1-9ce8-d3d0a7f01c26)] -> id: SubmitLogin]
2018-05-13 19:29:23 INFO  HomePage:169 - error message is :- Authentication failed.
2018-05-13 19:29:23 INFO  TC001_VerifyLoginWithInvalidCredentials:33 - ========== End Testcase excection: VerifyLoginWithInvalidCredentials =========  
2018-05-13 19:29:23 INFO  TestBase:45 - Creating object of the browser :-  firefox
2018-05-13 19:29:33 INFO  TestBase:52 - Navigating to url :-  http://automationpractice.com/index.php
2018-05-13 19:29:40 INFO  TC002_verifyRegistrationProcess:38 - ======= Starting test execution:  verifyingRegistration ===========
2018-05-13 19:29:43 INFO  HomePage:178 - Clicking on Sign In link - at web element path :-[[FirefoxDriver: firefox on WINDOWS (9884cfb7-b17a-4578-98cc-fd018a97bb5c)] -> xpath: //*[@id='header']/div[2]/div/div/nav/div[1]/a]
2018-05-13 19:29:44 INFO  HomePage:181 - Entring new email address: [[FirefoxDriver: firefox on WINDOWS (9884cfb7-b17a-4578-98cc-fd018a97bb5c)] -> id: email_create] -at web element :- [[FirefoxDriver: firefox on WINDOWS (9884cfb7-b17a-4578-98cc-fd018a97bb5c)] -> id: email_create]
2018-05-13 19:29:45 INFO  HomePage:183 - Clicking on create new account button - at web element path :-[[FirefoxDriver: firefox on WINDOWS (9884cfb7-b17a-4578-98cc-fd018a97bb5c)] -> id: SubmitCreate]
2018-05-13 19:29:47 INFO  HomePage:185 - Selecting check box Mr - at web element path :-[[FirefoxDriver: firefox on WINDOWS (9884cfb7-b17a-4578-98cc-fd018a97bb5c)] -> id: id_gender1]
2018-05-13 19:29:48 INFO  HomePage:188 - Entring first name value: demoFName -at web element :- [[FirefoxDriver: firefox on WINDOWS (9884cfb7-b17a-4578-98cc-fd018a97bb5c)] -> id: customer_firstname]
2018-05-13 19:29:48 INFO  HomePage:191 - Entring last name value:demoLName -at web element :- [[FirefoxDriver: firefox on WINDOWS (9884cfb7-b17a-4578-98cc-fd018a97bb5c)] -> id: customer_lastname]
2018-05-13 19:29:49 INFO  HomePage:194 - Entring email address: 1526232494062@gmail.com -at web element :- [[FirefoxDriver: firefox on WINDOWS (9884cfb7-b17a-4578-98cc-fd018a97bb5c)] -> id: email]
2018-05-13 19:29:49 INFO  HomePage:197 - Entring password value: fakepassword -at web element :- [[FirefoxDriver: firefox on WINDOWS (9884cfb7-b17a-4578-98cc-fd018a97bb5c)] -> id: passwd]
2018-05-13 19:29:49 INFO  HomePage:200 - Entring address: Test Address -at web element :- [[FirefoxDriver: firefox on WINDOWS (9884cfb7-b17a-4578-98cc-fd018a97bb5c)] -> id: address1]
2018-05-13 19:29:50 INFO  HomePage:203 - Entring city nane: Test City -at web element :- [[FirefoxDriver: firefox on WINDOWS (9884cfb7-b17a-4578-98cc-fd018a97bb5c)] -> id: city]
2018-05-13 19:29:50 INFO  HomePage:205 - Entring State : Alabama -at web element :- [[FirefoxDriver: firefox on WINDOWS (9884cfb7-b17a-4578-98cc-fd018a97bb5c)] -> id: id_state]
2018-05-13 19:29:50 INFO  HomePage:208 - Entring Postcode: 35006 -at web element :- [[FirefoxDriver: firefox on WINDOWS (9884cfb7-b17a-4578-98cc-fd018a97bb5c)] -> id: postcode]
2018-05-13 19:29:51 INFO  HomePage:211 - Entring phone number: 159753486 -at web element :- [[FirefoxDriver: firefox on WINDOWS (9884cfb7-b17a-4578-98cc-fd018a97bb5c)] -> id: phone_mobile]
2018-05-13 19:30:59 INFO  HomePage:214 - Clicking on Register button - at web element path :-Proxy element for: DefaultElementLocator 'By.id: submitAccount'
2018-05-13 19:30:59 INFO  HomePage:262 - returning the username :demoFName demoLName - at web element path :-[[FirefoxDriver: firefox on WINDOWS (9884cfb7-b17a-4578-98cc-fd018a97bb5c)] -> xpath: //*[@id='header']/div[2]/div/div/nav/div[1]/a/span]
2018-05-13 19:30:59 INFO  TC002_verifyRegistrationProcess:42 - ======= Ending test execution: verifyingRegistration ===========
